\BOOKMARK [1][-]{Doc-Start}{\376\377\000R\000e\000s\000u\000m\000e\000n}{}% 1
\BOOKMARK [1][-]{Doc-Start}{\376\377\000A\000b\000s\000t\000r\000a\000c\000t}{}% 2
\BOOKMARK [1][-]{section.1}{\376\377\000I\000n\000t\000r\000o\000d\000u\000c\000c\000i\000\363\000n}{}% 3
\BOOKMARK [2][-]{subsection.1.1}{\376\377\000O\000b\000j\000e\000t\000i\000v\000o\000s}{section.1}% 4
\BOOKMARK [3][-]{subsubsection.1.1.1}{\376\377\000O\000b\000j\000e\000t\000i\000v\000o\000\040\000G\000e\000n\000e\000r\000a\000l}{subsection.1.1}% 5
\BOOKMARK [3][-]{subsubsection.1.1.2}{\376\377\000O\000b\000j\000e\000t\000i\000v\000o\000s\000\040\000E\000s\000p\000e\000c\000\355\000f\000i\000c\000o\000s}{subsection.1.1}% 6
\BOOKMARK [2][-]{subsection.1.2}{\376\377\000P\000l\000a\000n\000t\000e\000a\000m\000i\000e\000n\000t\000o\000\040\000d\000e\000l\000\040\000p\000r\000o\000b\000l\000e\000m\000a}{section.1}% 7
\BOOKMARK [2][-]{subsection.1.3}{\376\377\000A\000n\000t\000e\000c\000e\000d\000e\000n\000t\000e\000s}{section.1}% 8
\BOOKMARK [2][-]{subsection.1.4}{\376\377\000A\000n\000t\000e\000c\000e\000d\000e\000n\000t\000e\000s\000\040\000d\000e\000\040\000l\000a\000\040\000e\000m\000p\000r\000e\000s\000a}{section.1}% 9
\BOOKMARK [2][-]{subsection.1.5}{\376\377\000A\000n\000t\000e\000c\000e\000d\000e\000n\000t\000e\000s\000\040\000t\000e\000\363\000r\000i\000c\000o\000s}{section.1}% 10
\BOOKMARK [3][-]{subsubsection.1.5.1}{\376\377\000E\000m\000a\000i\000l\000\040\000m\000a\000r\000k\000e\000t\000i\000n\000g}{subsection.1.5}% 11
\BOOKMARK [3][-]{subsubsection.1.5.2}{\376\377\000S\000e\000g\000m\000e\000n\000t\000a\000c\000i\000\363\000n\000\040\000d\000e\000\040\000c\000o\000n\000t\000a\000c\000t\000o\000s}{subsection.1.5}% 12
\BOOKMARK [3][-]{subsubsection.1.5.3}{\376\377\000F\000u\000n\000n\000e\000l\000s\000\040\000d\000e\000\040\000c\000o\000n\000v\000e\000r\000s\000i\000\363\000n}{subsection.1.5}% 13
\BOOKMARK [3][-]{subsubsection.1.5.4}{\376\377\000A\000u\000t\000o\000m\000a\000t\000i\000z\000a\000c\000i\000\363\000n\000\040\000d\000e\000\040\000m\000a\000r\000k\000e\000t\000i\000n\000g}{subsection.1.5}% 14
\BOOKMARK [3][-]{subsubsection.1.5.5}{\376\377\000F\000o\000r\000m\000u\000l\000a\000r\000i\000o\000s\000\040\000d\000i\000g\000i\000t\000a\000l\000e\000s}{subsection.1.5}% 15
\BOOKMARK [3][-]{subsubsection.1.5.6}{\376\377\000S\000h\000o\000p\000i\000f\000y}{subsection.1.5}% 16
\BOOKMARK [3][-]{subsubsection.1.5.7}{\376\377\000B\000r\000e\000v\000o}{subsection.1.5}% 17
\BOOKMARK [3][-]{subsubsection.1.5.8}{\376\377\000I\000n\000t\000e\000g\000r\000a\000c\000i\000\363\000n\000\040\000m\000e\000d\000i\000a\000n\000t\000e\000\040\000i\000f\000r\000a\000m\000e}{subsection.1.5}% 18
\BOOKMARK [3][-]{subsubsection.1.5.9}{\376\377\000P\000l\000a\000n\000t\000i\000l\000l\000a\000s\000\040\000H\000T\000M\000L\000/\000C\000S\000S\000\040\000p\000a\000r\000a\000\040\000c\000o\000r\000r\000e\000o\000\040\000e\000l\000e\000c\000t\000r\000\363\000n\000i\000c\000o}{subsection.1.5}% 19
\BOOKMARK [3][-]{subsubsection.1.5.10}{\376\377\000M\000\351\000t\000r\000i\000c\000a\000s\000\040\000d\000e\000\040\000e\000m\000a\000i\000l\000\040\000m\000a\000r\000k\000e\000t\000i\000n\000g}{subsection.1.5}% 20
\BOOKMARK [2][-]{subsection.1.6}{\376\377\000T\000a\000b\000l\000a\000\040\000c\000o\000m\000p\000a\000r\000a\000t\000i\000v\000a}{section.1}% 21
\BOOKMARK [2][-]{subsection.1.7}{\376\377\000J\000u\000s\000t\000i\000f\000i\000c\000a\000c\000i\000\363\000n}{section.1}% 22
\BOOKMARK [2][-]{subsection.1.8}{\376\377\000A\000l\000c\000a\000n\000c\000e\000s\000\040\000y\000\040\000L\000i\000m\000i\000t\000a\000c\000i\000o\000n\000e\000s}{section.1}% 23
\BOOKMARK [3][-]{subsubsection.1.8.1}{\376\377\000A\000l\000c\000a\000n\000c\000e\000s}{subsection.1.8}% 24
\BOOKMARK [3][-]{subsubsection.1.8.2}{\376\377\000L\000i\000m\000i\000t\000a\000c\000i\000o\000n\000e\000s}{subsection.1.8}% 25
\BOOKMARK [2][-]{subsection.1.9}{\376\377\000T\000e\000m\000a\000s\000\040\000t\000e\000n\000t\000a\000t\000i\000v\000o\000s\000\040\000p\000a\000r\000a\000\040\000e\000l\000\040\000m\000a\000r\000c\000o\000\040\000t\000e\000\363\000r\000i\000c\000o}{section.1}% 26
\BOOKMARK [1][-]{section.2}{\376\377\000M\000e\000t\000o\000d\000o\000l\000o\000g\000\355\000a}{}% 27
\BOOKMARK [1][-]{section.3}{\376\377\000R\000e\000s\000u\000l\000t\000a\000d\000o\000s}{}% 28
\BOOKMARK [1][-]{section.4}{\376\377\000C\000o\000n\000c\000l\000u\000s\000i\000o\000n\000e\000s}{}% 29
\BOOKMARK [1][-]{section.4}{\376\377\000B\000i\000b\000l\000i\000o\000g\000r\000a\000f\000\355\000a}{}% 30
\BOOKMARK [1][-]{section.4}{\376\377\000A\000n\000e\000x\000o\000s}{}% 31
